#
# A fatal error has been detected by the Java Runtime Environment:
#
#  EXCEPTION_ACCESS_VIOLATION (0xc0000005) at pc=0x000000000278f92e, pid=2344, tid=2888
#
# JRE version: 7.0_11-b21
# Java VM: Java HotSpot(TM) 64-Bit Server VM (23.6-b04 mixed mode windows-amd64 compressed oops)
# Problematic frame:
# J  com.jniwrapper.g.readPointer(I)J
#
# Failed to write core dump. Minidumps are not enabled by default on client versions of Windows
#
# If you would like to submit a bug report, please visit:
#   http://bugreport.sun.com/bugreport/crash.jsp
#

---------------  T H R E A D  ---------------

Current thread (0x000000000d7c1800):  JavaThread "Main message loop" daemon [_thread_in_Java, id=2888, stack(0x000000000e5c0000,0x000000000e6c0000)]

siginfo: ExceptionCode=0xc0000005, reading address 0x0000000080004005

Registers:
RAX=0x00000000ce20f650, RBX=0x00000000ce20f650, RCX=0x00000000f4245e08, RDX=0x00000000f4245e08
RSP=0x000000000e6ae2b0, RBP=0x00000000f4245e88, RSI=0x00000000ce363930, RDI=0x0000000000000001
R8 =0x0000000000000000, R9 =0x00000000cd231640, R10=0x0000000080004005, R11=0x0000000000000001
R12=0x0000000000000000, R13=0x000000000e6ae2e8, R14=0x000000000e6ae348, R15=0x000000000d7c1800
RIP=0x000000000278f92e, EFLAGS=0x0000000000010246

Top of Stack: (sp=0x000000000e6ae2b0)
0x000000000e6ae2b0:   00000000f42454e8 000000000275ede8
0x000000000e6ae2c0:   000000000d7c1800 000000000e6ae3d0
0x000000000e6ae2d0:   000000000e6ae338 00000000026369c3
0x000000000e6ae2e0:   00000000026369c3 0000000000000000
0x000000000e6ae2f0:   00000000f4245e08 000000000e6ae2f8
0x000000000e6ae300:   00000000ce360010 000000000e6ae348
0x000000000e6ae310:   00000000ce3729c8 0000000000000000
0x000000000e6ae320:   00000000ce360020 000000000e6ae2e8
0x000000000e6ae330:   000000000e6ae348 000000000e6ae398
0x000000000e6ae340:   0000000002636315 00000000f4245510
0x000000000e6ae350:   00000000f4245510 000000000e6ae358
0x000000000e6ae360:   00000000ce35fe2a 000000000e6ae3d0
0x000000000e6ae370:   00000000ce3729c8 0000000000000000
0x000000000e6ae380:   00000000ce35fe40 000000000e6ae348
0x000000000e6ae390:   000000000e6ae3e0 000000000e6ae458
0x000000000e6ae3a0:   00000000027a8c3c 0000000000000001 

Instructions: (pc=0x000000000278f92e)
0x000000000278f90e:   8b ea 45 85 c0 7c 40 44 8b 5d 1c 45 2b d8 41 83
0x000000000278f91e:   fb 08 7c 33 4c 8b 55 10 44 0f b6 5d 2a 4d 63 c0
0x000000000278f92e:   4b 8b 04 02 45 85 db 74 2a 48 83 c4 20 5d 85 05
0x000000000278f93e:   be 06 99 fd c3 ba de ff ff ff 41 8b ea 44 89 04 


Register to memory mapping:

RAX=0x00000000ce20f650 is an oop
{method} 
 - klass: {other class}
RBX=0x00000000ce20f650 is an oop
{method} 
 - klass: {other class}
RCX=0x00000000f4245e08 is an oop
com.jniwrapper.v 
 - klass: 'com/jniwrapper/v'
RDX=0x00000000f4245e08 is an oop
com.jniwrapper.v 
 - klass: 'com/jniwrapper/v'
RSP=0x000000000e6ae2b0 is pointing into the stack for thread: 0x000000000d7c1800
RBP=0x00000000f4245e88 is an oop
java.nio.DirectByteBuffer 
 - klass: 'java/nio/DirectByteBuffer'
RSI=0x00000000ce363930 is an oop
{instance class} 
 - klass: {other class}
RDI=0x0000000000000001 is an unknown value
R8 =0x0000000000000000 is an unknown value
R9 =0x00000000cd231640 is an oop
{instance class} 
 - klass: {other class}
R10=0x0000000080004005 is an unknown value
R11=0x0000000000000001 is an unknown value
R12=0x0000000000000000 is an unknown value
R13=0x000000000e6ae2e8 is pointing into the stack for thread: 0x000000000d7c1800
R14=0x000000000e6ae348 is pointing into the stack for thread: 0x000000000d7c1800
R15=0x000000000d7c1800 is a thread


Stack: [0x000000000e5c0000,0x000000000e6c0000],  sp=0x000000000e6ae2b0,  free space=952k
Native frames: (J=compiled Java code, j=interpreted, Vv=VM code, C=native code)
J  com.jniwrapper.g.readPointer(I)J


---------------  P R O C E S S  ---------------

Java Threads: ( => current thread )
  0x000000000de5b800 JavaThread "Timer-0" daemon [_thread_blocked, id=4388, stack(0x000000000d360000,0x000000000d460000)]
=>0x000000000d7c1800 JavaThread "Main message loop" daemon [_thread_in_Java, id=2888, stack(0x000000000e5c0000,0x000000000e6c0000)]
  0x000000000cfbd800 JavaThread "com.jniwrapper.NativeResourceCollector" daemon [_thread_blocked, id=1320, stack(0x000000000e740000,0x000000000e840000)]
  0x000000000226d000 JavaThread "DestroyJavaVM" [_thread_blocked, id=4992, stack(0x0000000002530000,0x0000000002630000)]
  0x0000000009fb4000 JavaThread "TimerQueue" daemon [_thread_blocked, id=2736, stack(0x000000000c850000,0x000000000c950000)]
  0x0000000009ed8800 JavaThread "Swing-Shell" daemon [_thread_blocked, id=1404, stack(0x000000000a9a0000,0x000000000aaa0000)]
  0x0000000009eeb800 JavaThread "AWT-EventQueue-0" [_thread_blocked, id=1020, stack(0x000000000a3c0000,0x000000000a4c0000)]
  0x0000000009df7000 JavaThread "AWT-Windows" daemon [_thread_in_native, id=4052, stack(0x000000000a640000,0x000000000a740000)]
  0x0000000009df6000 JavaThread "AWT-Shutdown" [_thread_blocked, id=4756, stack(0x000000000a4e0000,0x000000000a5e0000)]
  0x0000000009df5000 JavaThread "Java2D Disposer" daemon [_thread_blocked, id=5028, stack(0x000000000a2b0000,0x000000000a3b0000)]
  0x0000000008332000 JavaThread "Service Thread" daemon [_thread_blocked, id=4472, stack(0x0000000009a40000,0x0000000009b40000)]
  0x0000000008330800 JavaThread "C2 CompilerThread1" daemon [_thread_blocked, id=5084, stack(0x00000000098a0000,0x00000000099a0000)]
  0x000000000832f000 JavaThread "C2 CompilerThread0" daemon [_thread_blocked, id=2992, stack(0x0000000009080000,0x0000000009180000)]
  0x0000000008322800 JavaThread "Attach Listener" daemon [_thread_blocked, id=4684, stack(0x0000000009750000,0x0000000009850000)]
  0x000000000831b800 JavaThread "Signal Dispatcher" daemon [_thread_blocked, id=4584, stack(0x0000000009540000,0x0000000009640000)]
  0x00000000021b6800 JavaThread "Finalizer" daemon [_thread_blocked, id=4856, stack(0x00000000093e0000,0x00000000094e0000)]
  0x00000000021af800 JavaThread "Reference Handler" daemon [_thread_blocked, id=2236, stack(0x00000000091c0000,0x00000000092c0000)]

Other Threads:
  0x00000000082a2000 VMThread [stack: 0x0000000008f60000,0x0000000009060000] [id=3780]
  0x000000000834d000 WatcherThread [stack: 0x0000000009c20000,0x0000000009d20000] [id=3808]

VM state:not at safepoint (normal execution)

VM Mutex/Monitor currently owned by a thread: None

Heap
 PSYoungGen      total 77120K, used 57268K [0x00000000f0b60000, 0x00000000f83f0000, 0x0000000100000000)
  eden space 64000K, 89% used [0x00000000f0b60000,0x00000000f434d060,0x00000000f49e0000)
  from space 13120K, 0% used [0x00000000f74e0000,0x00000000f74e0000,0x00000000f81b0000)
  to   space 2304K, 0% used [0x00000000f81b0000,0x00000000f81b0000,0x00000000f83f0000)
 ParOldGen       total 47808K, used 28990K [0x00000000d2200000, 0x00000000d50b0000, 0x00000000f0b60000)
  object space 47808K, 60% used [0x00000000d2200000,0x00000000d3e4fba0,0x00000000d50b0000)
 PSPermGen       total 45184K, used 22668K [0x00000000cd000000, 0x00000000cfc20000, 0x00000000d2200000)
  object space 45184K, 50% used [0x00000000cd000000,0x00000000ce623180,0x00000000cfc20000)

Card table byte_map: [0x0000000005630000,0x00000000057d0000] byte_map_base: 0x0000000004fc8000

Polling page: 0x0000000000120000

Code Cache  [0x0000000002630000, 0x00000000028a0000, 0x0000000005630000)
 total_blobs=1257 nmethods=742 adapters=465 free_code_cache=47083Kb largest_free_block=48159232

Compilation events (10 events):
Event: 628.909 Thread 0x0000000008330800  764             java.awt.Component::getNativeContainer (29 bytes)
Event: 628.911 Thread 0x0000000008330800 nmethod 764 0x000000000278df50 code [0x000000000278e080, 0x000000000278e158]
Event: 629.453 Thread 0x000000000832f000  765             com.jniwrapper.Int32::<init> (6 bytes)
Event: 629.463 Thread 0x000000000832f000 nmethod 765 0x000000000281ea90 code [0x000000000281ec20, 0x000000000281eed0]
Event: 636.165 Thread 0x0000000008330800  766             java.awt.Component::getLocationOnScreen_NoTreeLock (104 bytes)
Event: 636.175 Thread 0x0000000008330800 nmethod 766 0x000000000280e210 code [0x000000000280e3a0, 0x000000000280e678]
Event: 636.202 Thread 0x000000000832f000  767             com.jniwrapper.UInt8::<init> (6 bytes)
Event: 636.205 Thread 0x000000000832f000 nmethod 767 0x000000000280dd50 code [0x000000000280dec0, 0x000000000280e018]
Event: 636.721 Thread 0x0000000008330800  768             java.lang.String::trim (77 bytes)
Event: 636.735 Thread 0x0000000008330800 nmethod 768 0x000000000280d450 code [0x000000000280d5c0, 0x000000000280d9d8]

GC Heap History (10 events):
Event: 278.253 GC heap before
{Heap before GC invocations=10 (full 0):
 PSYoungGen      total 55616K, used 52088K [0x00000000f0b60000, 0x00000000f67e0000, 0x0000000100000000)
  eden space 43584K, 100% used [0x00000000f0b60000,0x00000000f35f0000,0x00000000f35f0000)
  from space 12032K, 70% used [0x00000000f35f0000,0x00000000f3e3e020,0x00000000f41b0000)
  to   space 12480K, 0% used [0x00000000f5bb0000,0x00000000f5bb0000,0x00000000f67e0000)
 ParOldGen       total 31360K, used 14768K [0x00000000d2200000, 0x00000000d40a0000, 0x00000000f0b60000)
  object space 31360K, 47% used [0x00000000d2200000,0x00000000d306c3c0,0x00000000d40a0000)
 PSPermGen       total 22400K, used 22302K [0x00000000cd000000, 0x00000000ce5e0000, 0x00000000d2200000)
  object space 22400K, 99% used [0x00000000cd000000,0x00000000ce5c7b98,0x00000000ce5e0000)
Event: 278.275 GC heap after
Heap after GC invocations=10 (full 0):
 PSYoungGen      total 81984K, used 3008K [0x00000000f0b60000, 0x00000000f67a0000, 0x0000000100000000)
  eden space 69760K, 0% used [0x00000000f0b60000,0x00000000f0b60000,0x00000000f4f80000)
  from space 12224K, 24% used [0x00000000f5bb0000,0x00000000f5ea0010,0x00000000f67a0000)
  to   space 12352K, 0% used [0x00000000f4f80000,0x00000000f4f80000,0x00000000f5b90000)
 ParOldGen       total 31360K, used 20014K [0x00000000d2200000, 0x00000000d40a0000, 0x00000000f0b60000)
  object space 31360K, 63% used [0x00000000d2200000,0x00000000d358b810,0x00000000d40a0000)
 PSPermGen       total 22400K, used 22302K [0x00000000cd000000, 0x00000000ce5e0000, 0x00000000d2200000)
  object space 22400K, 99% used [0x00000000cd000000,0x00000000ce5c7b98,0x00000000ce5e0000)
}
Event: 369.576 GC heap before
{Heap before GC invocations=11 (full 0):
 PSYoungGen      total 81984K, used 72768K [0x00000000f0b60000, 0x00000000f67a0000, 0x0000000100000000)
  eden space 69760K, 100% used [0x00000000f0b60000,0x00000000f4f80000,0x00000000f4f80000)
  from space 12224K, 24% used [0x00000000f5bb0000,0x00000000f5ea0010,0x00000000f67a0000)
  to   space 12352K, 0% used [0x00000000f4f80000,0x00000000f4f80000,0x00000000f5b90000)
 ParOldGen       total 31360K, used 20014K [0x00000000d2200000, 0x00000000d40a0000, 0x00000000f0b60000)
  object space 31360K, 63% used [0x00000000d2200000,0x00000000d358b810,0x00000000d40a0000)
 PSPermGen       total 22400K, used 22366K [0x00000000cd000000, 0x00000000ce5e0000, 0x00000000d2200000)
  object space 22400K, 99% used [0x00000000cd000000,0x00000000ce5d7be8,0x00000000ce5e0000)
Event: 369.613 GC heap after
Heap after GC invocations=11 (full 0):
 PSYoungGen      total 82112K, used 4960K [0x00000000f0b60000, 0x00000000f8f60000, 0x0000000100000000)
  eden space 69760K, 0% used [0x00000000f0b60000,0x00000000f0b60000,0x00000000f4f80000)
  from space 12352K, 40% used [0x00000000f4f80000,0x00000000f5458010,0x00000000f5b90000)
  to   space 11776K, 0% used [0x00000000f83e0000,0x00000000f83e0000,0x00000000f8f60000)
 ParOldGen       total 31360K, used 20086K [0x00000000d2200000, 0x00000000d40a0000, 0x00000000f0b60000)
  object space 31360K, 64% used [0x00000000d2200000,0x00000000d359d810,0x00000000d40a0000)
 PSPermGen       total 22400K, used 22366K [0x00000000cd000000, 0x00000000ce5e0000, 0x00000000d2200000)
  object space 22400K, 99% used [0x00000000cd000000,0x00000000ce5d7be8,0x00000000ce5e0000)
}
Event: 484.444 GC heap before
{Heap before GC invocations=12 (full 0):
 PSYoungGen      total 82112K, used 74720K [0x00000000f0b60000, 0x00000000f8f60000, 0x0000000100000000)
  eden space 69760K, 100% used [0x00000000f0b60000,0x00000000f4f80000,0x00000000f4f80000)
  from space 12352K, 40% used [0x00000000f4f80000,0x00000000f5458010,0x00000000f5b90000)
  to   space 11776K, 0% used [0x00000000f83e0000,0x00000000f83e0000,0x00000000f8f60000)
 ParOldGen       total 31360K, used 20086K [0x00000000d2200000, 0x00000000d40a0000, 0x00000000f0b60000)
  object space 31360K, 64% used [0x00000000d2200000,0x00000000d359d810,0x00000000d40a0000)
 PSPermGen       total 22592K, used 22424K [0x00000000cd000000, 0x00000000ce610000, 0x00000000d2200000)
  object space 22592K, 99% used [0x00000000cd000000,0x00000000ce5e6300,0x00000000ce610000)
Event: 484.475 GC heap after
Heap after GC invocations=12 (full 0):
 PSYoungGen      total 77696K, used 10864K [0x00000000f0b60000, 0x00000000f8e80000, 0x0000000100000000)
  eden space 66816K, 0% used [0x00000000f0b60000,0x00000000f0b60000,0x00000000f4ca0000)
  from space 10880K, 99% used [0x00000000f83e0000,0x00000000f8e7c020,0x00000000f8e80000)
  to   space 13120K, 0% used [0x00000000f74e0000,0x00000000f74e0000,0x00000000f81b0000)
 ParOldGen       total 31360K, used 20374K [0x00000000d2200000, 0x00000000d40a0000, 0x00000000f0b60000)
  object space 31360K, 64% used [0x00000000d2200000,0x00000000d35e5820,0x00000000d40a0000)
 PSPermGen       total 22592K, used 22424K [0x00000000cd000000, 0x00000000ce610000, 0x00000000d2200000)
  object space 22592K, 99% used [0x00000000cd000000,0x00000000ce5e6300,0x00000000ce610000)
}
Event: 569.887 GC heap before
{Heap before GC invocations=13 (full 0):
 PSYoungGen      total 77696K, used 77677K [0x00000000f0b60000, 0x00000000f8e80000, 0x0000000100000000)
  eden space 66816K, 99% used [0x00000000f0b60000,0x00000000f4c9f488,0x00000000f4ca0000)
  from space 10880K, 99% used [0x00000000f83e0000,0x00000000f8e7c020,0x00000000f8e80000)
  to   space 13120K, 0% used [0x00000000f74e0000,0x00000000f74e0000,0x00000000f81b0000)
 ParOldGen       total 31360K, used 20374K [0x00000000d2200000, 0x00000000d40a0000, 0x00000000f0b60000)
  object space 31360K, 64% used [0x00000000d2200000,0x00000000d35e5820,0x00000000d40a0000)
 PSPermGen       total 22592K, used 22588K [0x00000000cd000000, 0x00000000ce610000, 0x00000000d2200000)
  object space 22592K, 99% used [0x00000000cd000000,0x00000000ce60f3d0,0x00000000ce610000)
Event: 569.913 GC heap after
Heap after GC invocations=13 (full 0):
 PSYoungGen      total 77120K, used 13088K [0x00000000f0b60000, 0x00000000f83f0000, 0x0000000100000000)
  eden space 64000K, 0% used [0x00000000f0b60000,0x00000000f0b60000,0x00000000f49e0000)
  from space 13120K, 99% used [0x00000000f74e0000,0x00000000f81a8040,0x00000000f81b0000)
  to   space 2304K, 0% used [0x00000000f81b0000,0x00000000f81b0000,0x00000000f83f0000)
 ParOldGen       total 31360K, used 26462K [0x00000000d2200000, 0x00000000d40a0000, 0x00000000f0b60000)
  object space 31360K, 84% used [0x00000000d2200000,0x00000000d3bd7830,0x00000000d40a0000)
 PSPermGen       total 22592K, used 22588K [0x00000000cd000000, 0x00000000ce610000, 0x00000000d2200000)
  object space 22592K, 99% used [0x00000000cd000000,0x00000000ce60f3d0,0x00000000ce610000)
}
Event: 569.913 GC heap before
{Heap before GC invocations=14 (full 1):
 PSYoungGen      total 77120K, used 13088K [0x00000000f0b60000, 0x00000000f83f0000, 0x0000000100000000)
  eden space 64000K, 0% used [0x00000000f0b60000,0x00000000f0b60000,0x00000000f49e0000)
  from space 13120K, 99% used [0x00000000f74e0000,0x00000000f81a8040,0x00000000f81b0000)
  to   space 2304K, 0% used [0x00000000f81b0000,0x00000000f81b0000,0x00000000f83f0000)
 ParOldGen       total 31360K, used 26462K [0x00000000d2200000, 0x00000000d40a0000, 0x00000000f0b60000)
  object space 31360K, 84% used [0x00000000d2200000,0x00000000d3bd7830,0x00000000d40a0000)
 PSPermGen       total 22592K, used 22588K [0x00000000cd000000, 0x00000000ce610000, 0x00000000d2200000)
  object space 22592K, 99% used [0x00000000cd000000,0x00000000ce60f3d0,0x00000000ce610000)
Event: 570.158 GC heap after
Heap after GC invocations=14 (full 1):
 PSYoungGen      total 77120K, used 0K [0x00000000f0b60000, 0x00000000f83f0000, 0x0000000100000000)
  eden space 64000K, 0% used [0x00000000f0b60000,0x00000000f0b60000,0x00000000f49e0000)
  from space 13120K, 0% used [0x00000000f74e0000,0x00000000f74e0000,0x00000000f81b0000)
  to   space 2304K, 0% used [0x00000000f81b0000,0x00000000f81b0000,0x00000000f83f0000)
 ParOldGen       total 47808K, used 28990K [0x00000000d2200000, 0x00000000d50b0000, 0x00000000f0b60000)
  object space 47808K, 60% used [0x00000000d2200000,0x00000000d3e4fba0,0x00000000d50b0000)
 PSPermGen       total 45184K, used 22573K [0x00000000cd000000, 0x00000000cfc20000, 0x00000000d2200000)
  object space 45184K, 49% used [0x00000000cd000000,0x00000000ce60b750,0x00000000cfc20000)
}

Deoptimization events (10 events):
Event: 484.434 Thread 0x0000000009eeb800 Uncommon trap -34 fr.pc 0x00000000027a2628
Event: 484.434 Thread 0x0000000009eeb800 Uncommon trap -58 fr.pc 0x00000000027b03c4
Event: 525.201 Thread 0x0000000009eeb800 Uncommon trap -34 fr.pc 0x00000000027b7f28
Event: 525.262 Thread 0x0000000009eeb800 Uncommon trap -58 fr.pc 0x00000000027b03c4
Event: 569.862 Thread 0x0000000009eeb800 Uncommon trap 43 fr.pc 0x00000000026b2e18
Event: 569.886 Thread 0x0000000009eeb800 Uncommon trap -83 fr.pc 0x00000000028062f4
Event: 570.330 Thread 0x0000000009eeb800 Uncommon trap -12 fr.pc 0x00000000027dc28c
Event: 570.330 Thread 0x0000000009eeb800 Uncommon trap -83 fr.pc 0x00000000027f8df4
Event: 593.237 Thread 0x0000000009eeb800 Uncommon trap -34 fr.pc 0x00000000027b7f28
Event: 593.305 Thread 0x0000000009eeb800 Uncommon trap -58 fr.pc 0x00000000027b03c4

Internal exceptions (10 events):
Event: 569.179 Thread 0x0000000009eeb800 Threw 0x00000000f47b62b8 at C:\jdk7u1_64p\jdk7u11\hotspot\src\share\vm\prims\jvm.cpp:1166
Event: 569.180 Thread 0x0000000009eeb800 Threw 0x00000000f47b8428 at C:\jdk7u1_64p\jdk7u11\hotspot\src\share\vm\prims\jvm.cpp:1166
Event: 569.181 Thread 0x0000000009eeb800 Threw 0x00000000f47baad0 at C:\jdk7u1_64p\jdk7u11\hotspot\src\share\vm\prims\jvm.cpp:1166
Event: 569.187 Thread 0x0000000009eeb800 Threw 0x00000000f47ca778 at C:\jdk7u1_64p\jdk7u11\hotspot\src\share\vm\prims\jvm.cpp:1166
Event: 569.886 Thread 0x0000000009eeb800 Implicit null exception at 0x0000000002805367 to 0x00000000028062cd
Event: 570.330 Thread 0x0000000009eeb800 Implicit null exception at 0x00000000027dc226 to 0x00000000027dc27e
Event: 581.778 Thread 0x0000000009eeb800 Threw 0x00000000f16039d0 at C:\jdk7u1_64p\jdk7u11\hotspot\src\share\vm\interpreter\linkResolver.cpp:805
Event: 593.356 Thread 0x000000000d7c1800 Threw 0x00000000f1be7c98 at C:\jdk7u1_64p\jdk7u11\hotspot\src\share\vm\runtime\reflection.cpp:1039
Event: 593.357 Thread 0x000000000d7c1800 Threw 0x00000000f1bee340 at C:\jdk7u1_64p\jdk7u11\hotspot\src\share\vm\runtime\reflection.cpp:1039
Event: 593.367 Thread 0x000000000d7c1800 Threw 0x00000000f1d0a8e8 at C:\jdk7u1_64p\jdk7u11\hotspot\src\share\vm\runtime\reflection.cpp:1039

Events (10 events):
Event: 593.258 Executing VM operation: BulkRevokeBias
Event: 593.258 Executing VM operation: BulkRevokeBias done
Event: 593.297 Executing VM operation: RevokeBias
Event: 593.297 Executing VM operation: RevokeBias done
Event: 593.305 Thread 0x0000000009eeb800 DEOPT PACKING pc=0x00000000027b03c4 sp=0x000000000a4bc590
Event: 593.305 Thread 0x0000000009eeb800 DEOPT UNPACKING pc=0x0000000002669164 sp=0x000000000a4bc528 mode 2
Event: 593.361 Executing VM operation: BulkRevokeBias
Event: 593.362 Executing VM operation: BulkRevokeBias done
Event: 612.800 Thread 0x0000000008330800 flushing nmethod 0x000000000278df50
Event: 613.609 Thread 0x000000000832f000 flushing nmethod 0x00000000027a2410


Dynamic libraries:
0x000000013fa70000 - 0x000000013faa3000 	C:\Program Files\Java\jre7\bin\javaw.exe
0x0000000077870000 - 0x0000000077a1c000 	C:\Windows\SYSTEM32\ntdll.dll
0x0000000077650000 - 0x000000007776f000 	C:\Windows\system32\kernel32.dll
0x000007fefd880000 - 0x000007fefd8ec000 	C:\Windows\system32\KERNELBASE.dll
0x000007fefe0d0000 - 0x000007fefe1ab000 	C:\Windows\system32\ADVAPI32.dll
0x000007feff770000 - 0x000007feff80f000 	C:\Windows\system32\msvcrt.dll
0x000007fefde30000 - 0x000007fefde4f000 	C:\Windows\SYSTEM32\sechost.dll
0x000007fefe8b0000 - 0x000007fefe9de000 	C:\Windows\system32\RPCRT4.dll
0x0000000077770000 - 0x000000007786a000 	C:\Windows\system32\USER32.dll
0x000007fefddc0000 - 0x000007fefde27000 	C:\Windows\system32\GDI32.dll
0x000007feffb70000 - 0x000007feffb7e000 	C:\Windows\system32\LPK.dll
0x000007fefe1b0000 - 0x000007fefe27a000 	C:\Windows\system32\USP10.dll
0x000007fefc430000 - 0x000007fefc624000 	C:\Windows\WinSxS\amd64_microsoft.windows.common-controls_6595b64144ccf1df_6.0.7600.16385_none_fa645303170382f6\COMCTL32.dll
0x000007fefdf60000 - 0x000007fefdfd1000 	C:\Windows\system32\SHLWAPI.dll
0x000007fefe620000 - 0x000007fefe64e000 	C:\Windows\system32\IMM32.DLL
0x000007fefde50000 - 0x000007fefdf59000 	C:\Windows\system32\MSCTF.dll
0x000000006beb0000 - 0x000000006bf81000 	C:\Program Files\Java\jre7\bin\msvcr100.dll
0x000000006b790000 - 0x000000006beaf000 	C:\Program Files\Java\jre7\bin\server\jvm.dll
0x000007fef3bb0000 - 0x000007fef3bb9000 	C:\Windows\system32\WSOCK32.dll
0x000007fefdfe0000 - 0x000007fefe02d000 	C:\Windows\system32\WS2_32.dll
0x000007fefe280000 - 0x000007fefe288000 	C:\Windows\system32\NSI.dll
0x000007fefad50000 - 0x000007fefad8b000 	C:\Windows\system32\WINMM.dll
0x0000000077a30000 - 0x0000000077a37000 	C:\Windows\system32\PSAPI.DLL
0x000000006cad0000 - 0x000000006cadf000 	C:\Program Files\Java\jre7\bin\verify.dll
0x000000006ca70000 - 0x000000006ca98000 	C:\Program Files\Java\jre7\bin\java.dll
0x000000006cab0000 - 0x000000006cac5000 	C:\Program Files\Java\jre7\bin\zip.dll
0x000000006b450000 - 0x000000006b5e3000 	C:\Program Files\Java\jre7\bin\awt.dll
0x000007feffa70000 - 0x000007feffb47000 	C:\Windows\system32\OLEAUT32.dll
0x000007fefe410000 - 0x000007fefe611000 	C:\Windows\system32\ole32.dll
0x000007fefb990000 - 0x000007fefb9a8000 	C:\Windows\system32\DWMAPI.DLL
0x000007fefc080000 - 0x000007fefc0d6000 	C:\Windows\system32\uxtheme.dll
0x000007fefd700000 - 0x000007fefd70f000 	C:\Windows\system32\CRYPTBASE.dll
0x000007fefe9e0000 - 0x000007feff766000 	C:\Windows\system32\SHELL32.dll
0x000007fefd950000 - 0x000007fefd9f0000 	C:\Windows\WinSxS\amd64_microsoft.windows.common-controls_6595b64144ccf1df_5.82.7600.16385_none_a44af8ec57f961cf\comctl32.dll
0x000000006c930000 - 0x000000006c964000 	C:\Program Files\Java\jre7\bin\fontmanager.dll
0x000000006ca20000 - 0x000000006ca39000 	C:\Program Files\Java\jre7\bin\net.dll
0x000007fefd040000 - 0x000007fefd094000 	C:\Windows\system32\mswsock.dll
0x000007fefd030000 - 0x000007fefd037000 	C:\Windows\System32\wship6.dll
0x000000006ca00000 - 0x000000006ca11000 	C:\Program Files\Java\jre7\bin\nio.dll
0x000000006c770000 - 0x000000006c7b1000 	C:\Program Files\Java\jre7\bin\t2k.dll
0x000007fefe650000 - 0x000007fefe827000 	C:\Windows\system32\SETUPAPI.dll
0x000007fefd8f0000 - 0x000007fefd926000 	C:\Windows\system32\CFGMGR32.dll
0x000007fefd930000 - 0x000007fefd94a000 	C:\Windows\system32\DEVOBJ.dll
0x000007fefe030000 - 0x000007fefe0c9000 	C:\Windows\system32\CLBCatQ.DLL
0x000007fefc0e0000 - 0x000007fefc20c000 	C:\Windows\system32\propsys.dll
0x000007fefbb60000 - 0x000007fefbb8d000 	C:\Windows\system32\ntmarta.dll
0x000007fefdd70000 - 0x000007fefddc0000 	C:\Windows\system32\WLDAP32.dll
0x000007fefd6a0000 - 0x000007fefd6f7000 	C:\Windows\system32\apphelp.dll
0x000007fef4220000 - 0x000007fef43bc000 	C:\Windows\system32\NetworkExplorer.dll
0x000007fef48b0000 - 0x000007fef48e3000 	C:\Windows\System32\shdocvw.dll
0x000007fefd7d0000 - 0x000007fefd7df000 	C:\Windows\system32\profapi.dll
0x000007fefb750000 - 0x000007fefb75b000 	C:\Windows\system32\slc.dll
0x000007fef76b0000 - 0x000007fef76c8000 	C:\Windows\system32\MPR.dll
0x000007feefa40000 - 0x000007feefa4a000 	C:\Windows\System32\drprov.dll
0x000007fefcc30000 - 0x000007fefcc6d000 	C:\Windows\System32\WINSTA.dll
0x000007feefa10000 - 0x000007feefa32000 	C:\Windows\System32\ntlanman.dll
0x000007feef9f0000 - 0x000007feefa0c000 	C:\Windows\System32\davclnt.dll
0x000007feef9e0000 - 0x000007feef9ea000 	C:\Windows\System32\DAVHLPR.dll
0x000007fefa840000 - 0x000007fefa855000 	C:\Windows\system32\wkscli.dll
0x000007fef5f10000 - 0x000007fef5f1f000 	C:\Windows\system32\cscapi.dll
0x000007fefa830000 - 0x000007fefa83c000 	C:\Windows\system32\netutils.dll
0x000007feef760000 - 0x000007feef9d1000 	C:\Windows\system32\wpdshext.dll
0x000007fefbe60000 - 0x000007fefc076000 	C:\Windows\WinSxS\amd64_microsoft.windows.gdiplus_6595b64144ccf1df_1.1.7600.17007_none_2b47185a719d6182\gdiplus.dll
0x000007fef33a0000 - 0x000007fef345d000 	C:\Windows\system32\PortableDeviceApi.dll
0x000007fefd9f0000 - 0x000007fefda2a000 	C:\Windows\system32\WINTRUST.dll
0x000007fefda30000 - 0x000007fefdb96000 	C:\Windows\system32\CRYPT32.dll
0x000007fefd870000 - 0x000007fefd87f000 	C:\Windows\system32\MSASN1.dll
0x000007fef5ed0000 - 0x000007fef5f05000 	C:\Windows\system32\EhStorShell.dll
0x000007feef730000 - 0x000007feef757000 	C:\Windows\system32\EhStorAPI.dll
0x000007fef48a0000 - 0x000007fef48ac000 	C:\Windows\system32\LINKINFO.dll
0x0000000010000000 - 0x0000000010065000 	C:\Program Files\WIDCOMM\Bluetooth Software\btmmhook.dll
0x000007fefa540000 - 0x000007fefa66a000 	C:\Windows\system32\WindowsCodecs.dll
0x000007fef5850000 - 0x000007fef5ec2000 	C:\PROGRA~1\MICROS~3\Office14\GROOVEEX.DLL
0x0000000075230000 - 0x00000000752cd000 	C:\Windows\WinSxS\amd64_microsoft.vc90.crt_1fc8b3b9a1e18e3b_9.0.30729.4926_none_08e1a05ba83fe554\MSVCR90.dll
0x0000000073680000 - 0x0000000073753000 	C:\Windows\WinSxS\amd64_microsoft.vc90.crt_1fc8b3b9a1e18e3b_9.0.30729.4926_none_08e1a05ba83fe554\MSVCP90.dll
0x0000000073360000 - 0x000000007338f000 	C:\Windows\WinSxS\amd64_microsoft.vc90.atl_1fc8b3b9a1e18e3b_9.0.30729.4148_none_0a1d2fcba76b3f00\ATL90.DLL
0x000007fef5440000 - 0x000007fef584f000 	C:\PROGRA~1\COMMON~1\MICROS~1\OFFICE14\Cultures\office.odf
0x000007fef4bd0000 - 0x000007fef5434000 	C:\PROGRA~1\MICROS~3\Office14\1033\GrooveIntlResource.dll
0x000007fef4bc0000 - 0x000007fef4bc9000 	C:\Program Files (x86)\Internet Download Manager\IDMShellExt64.dll
0x000007fef4b10000 - 0x000007fef4b8e000 	C:\Windows\System32\cscui.dll
0x000007fef4b00000 - 0x000007fef4b0c000 	C:\Windows\System32\CSCDLL.dll
0x000007fef4a80000 - 0x000007fef4b00000 	C:\Windows\system32\ntshrui.dll
0x000007fefd340000 - 0x000007fefd363000 	C:\Windows\system32\srvcli.dll
0x000000006c450000 - 0x000000006c47a000 	C:\Program Files\Java\jre7\bin\dcpr.dll
0x000007fefca10000 - 0x000007fefca17000 	C:\Windows\System32\wshtcpip.dll
0x000007fefcec0000 - 0x000007fefcf1b000 	C:\Windows\system32\DNSAPI.dll
0x000007fefab80000 - 0x000007fefaba7000 	C:\Windows\system32\IPHLPAPI.DLL
0x000007fefac70000 - 0x000007fefac7b000 	C:\Windows\system32\WINNSI.DLL
0x000007fef76d0000 - 0x000007fef76d8000 	C:\Windows\system32\rasadhlp.dll
0x000007fefa8b0000 - 0x000007fefa903000 	C:\Windows\System32\fwpuclnt.dll
0x000007fefd0a0000 - 0x000007fefd0b7000 	C:\Windows\system32\CRYPTSP.dll
0x000007fefcda0000 - 0x000007fefcde7000 	C:\Windows\system32\rsaenh.dll
0x000007fefcb20000 - 0x000007fefcb3e000 	C:\Windows\system32\USERENV.dll
0x000007fefb900000 - 0x000007fefb915000 	C:\Windows\system32\NLAapi.dll
0x000007fef3990000 - 0x000007fef399b000 	C:\Windows\System32\winrnr.dll
0x000007fef3970000 - 0x000007fef3985000 	C:\Windows\system32\napinsp.dll
0x000007fef3930000 - 0x000007fef3949000 	C:\Windows\system32\pnrpnsp.dll
0x000007fef9e60000 - 0x000007fef9e70000 	C:\Windows\system32\wshbth.dll
0x0000000005820000 - 0x000000000582d000 	C:\Users\Tushar\AppData\Local\Temp\jniwrap-3.8.4.Build.3.8.43bb6f38a-7b57-4144-891a-4ebee90ff470\jniwrap64.dll
0x0000000074fc0000 - 0x0000000075089000 	C:\Windows\WinSxS\amd64_microsoft.vc80.crt_1fc8b3b9a1e18e3b_8.0.50727.4927_none_88dce9872fb18caf\MSVCR80.dll
0x000000006cae0000 - 0x000000006cae7000 	C:\Program Files\Java\jre7\bin\jawt.dll
0x000007fef0080000 - 0x000007fef0c52000 	C:\Windows\System32\ieframe.dll
0x000007fef0020000 - 0x000007fef0074000 	C:\Windows\System32\OLEACC.dll
0x000007feff810000 - 0x000007feffa68000 	C:\Windows\system32\iertutil.dll
0x000007fefd7b0000 - 0x000007fefd7c4000 	C:\Windows\system32\RpcRtRemote.dll
0x000007fefd710000 - 0x000007fefd7a2000 	C:\Windows\system32\SXS.DLL
0x000007fefe290000 - 0x000007fefe409000 	C:\Windows\system32\urlmon.dll
0x000007fefdba0000 - 0x000007fefdccc000 	C:\Windows\system32\WININET.dll
0x000007fefd670000 - 0x000007fefd695000 	C:\Windows\system32\SspiCli.dll
0x000007feec0c0000 - 0x000007feec99b000 	C:\Windows\System32\mshtml.dll
0x000007fef4460000 - 0x000007fef449b000 	C:\Windows\System32\msls31.dll
0x000007fefc940000 - 0x000007fefc94c000 	C:\Windows\System32\VERSION.dll
0x000007fef26d0000 - 0x000007fef26de000 	C:\Windows\system32\msimtf.dll
0x000007feefe20000 - 0x000007feefe5b000 	C:\Windows\system32\MLANG.dll
0x000007fefbba0000 - 0x000007fefbbeb000 	C:\Windows\system32\MMDevAPI.DLL
0x000007fefad10000 - 0x000007fefad4b000 	C:\Windows\system32\wdmaud.drv
0x00000000752e0000 - 0x00000000752e6000 	C:\Windows\system32\ksuser.dll
0x000007fefc230000 - 0x000007fefc239000 	C:\Windows\system32\AVRT.dll
0x000007fefabb0000 - 0x000007fefabff000 	C:\Windows\system32\AUDIOSES.DLL
0x000007fefaa10000 - 0x000007fefaa1a000 	C:\Windows\system32\msacm32.drv
0x000007fefa9f0000 - 0x000007fefaa08000 	C:\Windows\system32\MSACM32.dll
0x000007fefa670000 - 0x000007fefa679000 	C:\Windows\system32\midimap.dll
0x000007fef76e0000 - 0x000007fef76f8000 	C:\Windows\System32\l3codeca.acm
0x000007fef9ae0000 - 0x000007fef9b42000 	C:\Windows\system32\RASAPI32.dll
0x000007fef9ac0000 - 0x000007fef9adc000 	C:\Windows\system32\rasman.dll
0x000007fef29b0000 - 0x000007fef29c1000 	C:\Windows\system32\rtutils.dll
0x000007fef2110000 - 0x000007fef2119000 	C:\Windows\system32\sensapi.dll
0x000007fef5f20000 - 0x000007fef5f94000 	C:\Windows\System32\netprofm.dll

VM Arguments:
jvm_args: -Dfile.encoding=Cp1252 
java_command: DemoJFileChooser
Launcher Type: SUN_STANDARD

Environment Variables:
JAVA_HOME=C:\Program Files\Java\jdk1.7.0
PATH=C:\Windows\system32;C:\Windows;C:\Windows\System32\Wbem;C:\Windows\System32\WindowsPowerShell\v1.0\;C:\Program Files\WIDCOMM\Bluetooth Software\;C:\Program Files\WIDCOMM\Bluetooth Software\syswow64;;C:\Program Files\Dell\DW WLAN Card
USERNAME=Tushar
OS=Windows_NT
PROCESSOR_IDENTIFIER=Intel64 Family 6 Model 37 Stepping 2, GenuineIntel



---------------  S Y S T E M  ---------------

OS: Windows 7 , 64 bit Build 7600 

CPU:total 4 (2 cores per cpu, 2 threads per core) family 6 model 37 stepping 2, cmov, cx8, fxsr, mmx, sse, sse2, sse3, ssse3, sse4.1, sse4.2, popcnt, ht, tsc, tscinvbit

Memory: 4k page, physical 3005112k(1323448k free), swap 6008328k(3431428k free)

vm_info: Java HotSpot(TM) 64-Bit Server VM (23.6-b04) for windows-amd64 JRE (1.7.0_11-b21), built on Jan 12 2013 02:38:42 by "java_re" with unknown MS VC++:1600

time: Wed Mar 20 15:57:02 2013
elapsed time: 637 seconds

