#
# A fatal error has been detected by the Java Runtime Environment:
#
#  EXCEPTION_ACCESS_VIOLATION (0xc0000005) at pc=0x0000000010003380, pid=4224, tid=5372
#
# JRE version: 7.0_11-b21
# Java VM: Java HotSpot(TM) 64-Bit Server VM (23.6-b04 mixed mode windows-amd64 compressed oops)
# Problematic frame:
# C  0x0000000010003380
#
# Failed to write core dump. Minidumps are not enabled by default on client versions of Windows
#
# If you would like to submit a bug report, please visit:
#   http://bugreport.sun.com/bugreport/crash.jsp
# The crash happened outside the Java Virtual Machine in native code.
# See problematic frame for where to report the bug.
#

---------------  T H R E A D  ---------------

Current thread (0x000000000ad9b800):  JavaThread "Thread-5" [_thread_in_native, id=5372, stack(0x000000000bcd0000,0x000000000bdd0000)]

siginfo: ExceptionCode=0xc0000005, ExceptionInformation=0x0000000000000008 0x0000000010003380

Registers:
RAX=0x0000000010003380, RBX=0x00000000cdbf2738, RCX=0x000000000ad9b9d8, RDX=0x000000000bdc6af8
RSP=0x000000000bdc6a68, RBP=0x000000000bdc6ae8, RSI=0x00000000cdbf2060, RDI=0x00000000f3bbbd84
R8 =0x000000000a707b60, R9 =0x0000000000000010, R10=0x000000000247237c, R11=0x0000000064a32070
R12=0x0000000000000000, R13=0x00000000cdbf2738, R14=0x000000000bdc6b18, R15=0x000000000ad9b800
RIP=0x0000000010003380, EFLAGS=0x0000000000010283

Top of Stack: (sp=0x000000000bdc6a68)
0x000000000bdc6a68:   00000000024723a8 00000000cdbf1da8
0x000000000bdc6a78:   0000000000000000 000000000bdc6aa8
0x000000000bdc6a88:   000000000bdc6b10 00000000024661f8
0x000000000bdc6a98:   0000000000000000 00000000f3baa9e0
0x000000000bdc6aa8:   000000000bdc6aa8 0000000000000000
0x000000000bdc6ab8:   000000000bdc6b18 00000000cdbf2da0
0x000000000bdc6ac8:   0000000000000000 00000000cdbf2738
0x000000000bdc6ad8:   0000000000000000 000000000bdc6b08
0x000000000bdc6ae8:   000000000bdc6b68 00000000024663d3
0x000000000bdc6af8:   00000000d2ed4598 000000000246f1db
0x000000000bdc6b08:   0000000000000010 000000000a707b60
0x000000000bdc6b18:   0000000002466374 00000000f19984c0
0x000000000bdc6b28:   000000000bdc6b28 00000000cde264a3
0x000000000bdc6b38:   000000000bdc6b90 00000000cde26a38
0x000000000bdc6b48:   0000000000000000 00000000cde264b8
0x000000000bdc6b58:   000000000bdc6b08 000000000bdc6b90 

Instructions: (pc=0x0000000010003380)
0x0000000010003360:   
[error occurred during error reporting (printing registers, top of stack, instructions near pc), id 0xc0000005]

Register to memory mapping:

RAX=0x0000000010003380 is an unknown value
RBX=0x00000000cdbf2738 is an oop
{method} 
 - klass: {other class}
RCX=0x000000000ad9b9d8 is an unknown value
RDX=0x000000000bdc6af8 is pointing into the stack for thread: 0x000000000ad9b800
RSP=0x000000000bdc6a68 is pointing into the stack for thread: 0x000000000ad9b800
RBP=0x000000000bdc6ae8 is pointing into the stack for thread: 0x000000000ad9b800
RSI=0x00000000cdbf2060 is an oop
{instance class} 
 - klass: {other class}
RDI=0x00000000f3bbbd84 is an unknown value
R8 =0x000000000a707b60 is an unknown value
R9 =0x0000000000000010 is an unknown value
R10=0x000000000247237c is an Interpreter codelet
method entry point (kind = native)  [0x0000000002472100, 0x0000000002472980]  2176 bytes
R11=0x0000000064a32070 is an unknown value
R12=0x0000000000000000 is an unknown value
R13=0x00000000cdbf2738 is an oop
{method} 
 - klass: {other class}
R14=0x000000000bdc6b18 is pointing into the stack for thread: 0x000000000ad9b800
R15=0x000000000ad9b800 is a thread


Stack: [0x000000000bcd0000,0x000000000bdd0000],  sp=0x000000000bdc6a68,  free space=986k
Native frames: (J=compiled Java code, j=interpreted, Vv=VM code, C=native code)
C  0x0000000010003380
j  com.jniwrapper.ParameterBufferImpl.a()V+19
j  com.jniwrapper.ParameterBufferImpl.createExternMemorySource(JI)Lcom/jniwrapper/MemoryBuffer;+18
j  com.jniwrapper.BufferFactory14.createExternPrarameterBuffer(JI)Lcom/jniwrapper/MemoryBuffer;+2
j  com.jniwrapper.Callback.enterPoint(JI)J+15
v  ~StubRoutines::call_stub
V  [jvm.dll+0x1ae824]

Java frames: (J=compiled Java code, j=interpreted, Vv=VM code)
j  com.jniwrapper.MemoryManager.createBuffer(JI)Ljava/nio/ByteBuffer;+0
j  com.jniwrapper.ParameterBufferImpl.a()V+19
j  com.jniwrapper.ParameterBufferImpl.createExternMemorySource(JI)Lcom/jniwrapper/MemoryBuffer;+18
j  com.jniwrapper.BufferFactory14.createExternPrarameterBuffer(JI)Lcom/jniwrapper/MemoryBuffer;+2
j  com.jniwrapper.Callback.enterPoint(JI)J+15
v  ~StubRoutines::call_stub

---------------  P R O C E S S  ---------------

Java Threads: ( => current thread )
=>0x000000000ad9b800 JavaThread "Thread-5" [_thread_in_native, id=5372, stack(0x000000000bcd0000,0x000000000bdd0000)]
  0x0000000009e97000 JavaThread "Thread-0" daemon [_thread_in_native, id=3524, stack(0x000000000e1b0000,0x000000000e2b0000)]
  0x000000000043d000 JavaThread "DestroyJavaVM" [_thread_blocked, id=5784, stack(0x0000000002360000,0x0000000002460000)]
  0x000000000b137800 JavaThread "Timer-0" daemon [_thread_blocked, id=2880, stack(0x000000000bdf0000,0x000000000bef0000)]
  0x000000000ad9a800 JavaThread "com.jniwrapper.NativeResourceCollector" daemon [_thread_blocked, id=1404, stack(0x000000000b8f0000,0x000000000b9f0000)]
  0x0000000009ea7000 JavaThread "AWT-EventQueue-0" [_thread_blocked, id=5168, stack(0x000000000a4a0000,0x000000000a5a0000)]
  0x0000000009dcb800 JavaThread "AWT-Windows" daemon [_thread_in_native, id=5136, stack(0x000000000a5d0000,0x000000000a6d0000)]
  0x0000000009dca800 JavaThread "AWT-Shutdown" [_thread_blocked, id=4512, stack(0x000000000a3a0000,0x000000000a4a0000)]
  0x0000000009dca000 JavaThread "Java2D Disposer" daemon [_thread_blocked, id=2296, stack(0x000000000a230000,0x000000000a330000)]
  0x0000000008282800 JavaThread "Service Thread" daemon [_thread_blocked, id=4464, stack(0x0000000009a30000,0x0000000009b30000)]
  0x000000000827d000 JavaThread "C2 CompilerThread1" daemon [_thread_blocked, id=3024, stack(0x0000000009830000,0x0000000009930000)]
  0x000000000827b000 JavaThread "C2 CompilerThread0" daemon [_thread_blocked, id=5564, stack(0x0000000009700000,0x0000000009800000)]
  0x0000000008272800 JavaThread "Attach Listener" daemon [_thread_blocked, id=5800, stack(0x00000000094f0000,0x00000000095f0000)]
  0x000000000826b800 JavaThread "Signal Dispatcher" daemon [_thread_blocked, id=4988, stack(0x0000000009360000,0x0000000009460000)]
  0x0000000002206800 JavaThread "Finalizer" daemon [_thread_blocked, id=3256, stack(0x0000000009110000,0x0000000009210000)]
  0x00000000021ff800 JavaThread "Reference Handler" daemon [_thread_blocked, id=4776, stack(0x0000000009250000,0x0000000009350000)]

Other Threads:
  0x00000000081f2000 VMThread [stack: 0x0000000009000000,0x0000000009100000] [id=3788]
  0x000000000829d800 WatcherThread [stack: 0x0000000009be0000,0x0000000009ce0000] [id=5576]

VM state:not at safepoint (normal execution)

VM Mutex/Monitor currently owned by a thread: None

Heap
 PSYoungGen      total 49024K, used 16779K [0x00000000f0b60000, 0x00000000f3d20000, 0x0000000100000000)
  eden space 47104K, 31% used [0x00000000f0b60000,0x00000000f19e6c08,0x00000000f3960000)
  from space 1920K, 99% used [0x00000000f3b40000,0x00000000f3d1c020,0x00000000f3d20000)
  to   space 1920K, 0% used [0x00000000f3960000,0x00000000f3960000,0x00000000f3b40000)
 ParOldGen       total 31360K, used 16066K [0x00000000d2200000, 0x00000000d40a0000, 0x00000000f0b60000)
  object space 31360K, 51% used [0x00000000d2200000,0x00000000d31b0ad8,0x00000000d40a0000)
 PSPermGen       total 21248K, used 16806K [0x00000000cd000000, 0x00000000ce4c0000, 0x00000000d2200000)
  object space 21248K, 79% used [0x00000000cd000000,0x00000000ce069ba8,0x00000000ce4c0000)

Card table byte_map: [0x0000000005520000,0x00000000056c0000] byte_map_base: 0x0000000004eb8000

Polling page: 0x0000000000120000

Code Cache  [0x0000000002460000, 0x00000000026d0000, 0x0000000005460000)
 total_blobs=733 nmethods=276 adapters=408 free_code_cache=48104Kb largest_free_block=49229760

Compilation events (10 events):
Event: 3.070 Thread 0x000000000827b000  274             java.lang.System::getSecurityManager (4 bytes)
Event: 3.071 Thread 0x000000000827b000 nmethod 274 0x0000000002565250 code [0x0000000002565380, 0x00000000025653d8]
Event: 3.080 Thread 0x000000000827d000  275             com.jniwrapper.UInt32::write (13 bytes)
Event: 3.089 Thread 0x000000000827d000 nmethod 275 0x0000000002566f90 code [0x0000000002567100, 0x00000000025673d8]
Event: 5.281 Thread 0x000000000827b000  276             java.util.HashSet::add (20 bytes)
Event: 5.282 Thread 0x000000000827b000 nmethod 276 0x0000000002566c90 code [0x0000000002566de0, 0x0000000002566ea8]
Event: 5.288 Thread 0x000000000827d000  277             java.util.HashMap$KeyIterator::next (8 bytes)
Event: 5.291 Thread 0x000000000827d000 nmethod 277 0x0000000002566890 code [0x00000000025669e0, 0x0000000002566b18]
Event: 5.299 Thread 0x000000000827b000  278             com.jniwrapper.bn::freeMemory (30 bytes)
Event: 5.300 Thread 0x000000000827b000 nmethod 278 0x000000000256b650 code [0x000000000256b7a0, 0x000000000256b828]

GC Heap History (8 events):
Event: 0.528 GC heap before
{Heap before GC invocations=1 (full 0):
 PSYoungGen      total 13696K, used 11776K [0x00000000f0b60000, 0x00000000f1aa0000, 0x0000000100000000)
  eden space 11776K, 100% used [0x00000000f0b60000,0x00000000f16e0000,0x00000000f16e0000)
  from space 1920K, 0% used [0x00000000f18c0000,0x00000000f18c0000,0x00000000f1aa0000)
  to   space 1920K, 0% used [0x00000000f16e0000,0x00000000f16e0000,0x00000000f18c0000)
 ParOldGen       total 31360K, used 0K [0x00000000d2200000, 0x00000000d40a0000, 0x00000000f0b60000)
  object space 31360K, 0% used [0x00000000d2200000,0x00000000d2200000,0x00000000d40a0000)
 PSPermGen       total 21248K, used 9205K [0x00000000cd000000, 0x00000000ce4c0000, 0x00000000d2200000)
  object space 21248K, 43% used [0x00000000cd000000,0x00000000cd8fd6f8,0x00000000ce4c0000)
Event: 0.537 GC heap after
Heap after GC invocations=1 (full 0):
 PSYoungGen      total 13696K, used 1888K [0x00000000f0b60000, 0x00000000f2620000, 0x0000000100000000)
  eden space 11776K, 0% used [0x00000000f0b60000,0x00000000f0b60000,0x00000000f16e0000)
  from space 1920K, 98% used [0x00000000f16e0000,0x00000000f18b8010,0x00000000f18c0000)
  to   space 1920K, 0% used [0x00000000f2440000,0x00000000f2440000,0x00000000f2620000)
 ParOldGen       total 31360K, used 3632K [0x00000000d2200000, 0x00000000d40a0000, 0x00000000f0b60000)
  object space 31360K, 11% used [0x00000000d2200000,0x00000000d258c020,0x00000000d40a0000)
 PSPermGen       total 21248K, used 9205K [0x00000000cd000000, 0x00000000ce4c0000, 0x00000000d2200000)
  object space 21248K, 43% used [0x00000000cd000000,0x00000000cd8fd6f8,0x00000000ce4c0000)
}
Event: 0.677 GC heap before
{Heap before GC invocations=2 (full 0):
 PSYoungGen      total 13696K, used 13664K [0x00000000f0b60000, 0x00000000f2620000, 0x0000000100000000)
  eden space 11776K, 100% used [0x00000000f0b60000,0x00000000f16e0000,0x00000000f16e0000)
  from space 1920K, 98% used [0x00000000f16e0000,0x00000000f18b8010,0x00000000f18c0000)
  to   space 1920K, 0% used [0x00000000f2440000,0x00000000f2440000,0x00000000f2620000)
 ParOldGen       total 31360K, used 3632K [0x00000000d2200000, 0x00000000d40a0000, 0x00000000f0b60000)
  object space 31360K, 11% used [0x00000000d2200000,0x00000000d258c020,0x00000000d40a0000)
 PSPermGen       total 21248K, used 9223K [0x00000000cd000000, 0x00000000ce4c0000, 0x00000000d2200000)
  object space 21248K, 43% used [0x00000000cd000000,0x00000000cd901f80,0x00000000ce4c0000)
Event: 0.685 GC heap after
Heap after GC invocations=2 (full 0):
 PSYoungGen      total 25472K, used 1904K [0x00000000f0b60000, 0x00000000f2620000, 0x0000000100000000)
  eden space 23552K, 0% used [0x00000000f0b60000,0x00000000f0b60000,0x00000000f2260000)
  from space 1920K, 99% used [0x00000000f2440000,0x00000000f261c020,0x00000000f2620000)
  to   space 1920K, 0% used [0x00000000f2260000,0x00000000f2260000,0x00000000f2440000)
 ParOldGen       total 31360K, used 6805K [0x00000000d2200000, 0x00000000d40a0000, 0x00000000f0b60000)
  object space 31360K, 21% used [0x00000000d2200000,0x00000000d28a54b8,0x00000000d40a0000)
 PSPermGen       total 21248K, used 9223K [0x00000000cd000000, 0x00000000ce4c0000, 0x00000000d2200000)
  object space 21248K, 43% used [0x00000000cd000000,0x00000000cd901f80,0x00000000ce4c0000)
}
Event: 1.240 GC heap before
{Heap before GC invocations=3 (full 0):
 PSYoungGen      total 25472K, used 25456K [0x00000000f0b60000, 0x00000000f2620000, 0x0000000100000000)
  eden space 23552K, 100% used [0x00000000f0b60000,0x00000000f2260000,0x00000000f2260000)
  from space 1920K, 99% used [0x00000000f2440000,0x00000000f261c020,0x00000000f2620000)
  to   space 1920K, 0% used [0x00000000f2260000,0x00000000f2260000,0x00000000f2440000)
 ParOldGen       total 31360K, used 6805K [0x00000000d2200000, 0x00000000d40a0000, 0x00000000f0b60000)
  object space 31360K, 21% used [0x00000000d2200000,0x00000000d28a54b8,0x00000000d40a0000)
 PSPermGen       total 21248K, used 12821K [0x00000000cd000000, 0x00000000ce4c0000, 0x00000000d2200000)
  object space 21248K, 60% used [0x00000000cd000000,0x00000000cdc85670,0x00000000ce4c0000)
Event: 1.252 GC heap after
Heap after GC invocations=3 (full 0):
 PSYoungGen      total 25472K, used 1904K [0x00000000f0b60000, 0x00000000f3d20000, 0x0000000100000000)
  eden space 23552K, 0% used [0x00000000f0b60000,0x00000000f0b60000,0x00000000f2260000)
  from space 1920K, 99% used [0x00000000f2260000,0x00000000f243c020,0x00000000f2440000)
  to   space 1920K, 0% used [0x00000000f3b40000,0x00000000f3b40000,0x00000000f3d20000)
 ParOldGen       total 31360K, used 12916K [0x00000000d2200000, 0x00000000d40a0000, 0x00000000f0b60000)
  object space 31360K, 41% used [0x00000000d2200000,0x00000000d2e9d308,0x00000000d40a0000)
 PSPermGen       total 21248K, used 12821K [0x00000000cd000000, 0x00000000ce4c0000, 0x00000000d2200000)
  object space 21248K, 60% used [0x00000000cd000000,0x00000000cdc85670,0x00000000ce4c0000)
}
Event: 2.174 GC heap before
{Heap before GC invocations=4 (full 0):
 PSYoungGen      total 25472K, used 25456K [0x00000000f0b60000, 0x00000000f3d20000, 0x0000000100000000)
  eden space 23552K, 100% used [0x00000000f0b60000,0x00000000f2260000,0x00000000f2260000)
  from space 1920K, 99% used [0x00000000f2260000,0x00000000f243c020,0x00000000f2440000)
  to   space 1920K, 0% used [0x00000000f3b40000,0x00000000f3b40000,0x00000000f3d20000)
 ParOldGen       total 31360K, used 12916K [0x00000000d2200000, 0x00000000d40a0000, 0x00000000f0b60000)
  object space 31360K, 41% used [0x00000000d2200000,0x00000000d2e9d308,0x00000000d40a0000)
 PSPermGen       total 21248K, used 16295K [0x00000000cd000000, 0x00000000ce4c0000, 0x00000000d2200000)
  object space 21248K, 76% used [0x00000000cd000000,0x00000000cdfe9db8,0x00000000ce4c0000)
Event: 2.186 GC heap after
Heap after GC invocations=4 (full 0):
 PSYoungGen      total 49024K, used 1904K [0x00000000f0b60000, 0x00000000f3d20000, 0x0000000100000000)
  eden space 47104K, 0% used [0x00000000f0b60000,0x00000000f0b60000,0x00000000f3960000)
  from space 1920K, 99% used [0x00000000f3b40000,0x00000000f3d1c020,0x00000000f3d20000)
  to   space 1920K, 0% used [0x00000000f3960000,0x00000000f3960000,0x00000000f3b40000)
 ParOldGen       total 31360K, used 16066K [0x00000000d2200000, 0x00000000d40a0000, 0x00000000f0b60000)
  object space 31360K, 51% used [0x00000000d2200000,0x00000000d31b0ad8,0x00000000d40a0000)
 PSPermGen       total 21248K, used 16295K [0x00000000cd000000, 0x00000000ce4c0000, 0x00000000d2200000)
  object space 21248K, 76% used [0x00000000cd000000,0x00000000cdfe9db8,0x00000000ce4c0000)
}

Deoptimization events (10 events):
Event: 1.661 Thread 0x000000000ad9b800 Uncommon trap -34 fr.pc 0x00000000024ef2d0
Event: 1.665 Thread 0x000000000ad9b800 Uncommon trap -34 fr.pc 0x00000000024ef2d0
Event: 1.666 Thread 0x000000000ad9b800 Uncommon trap -34 fr.pc 0x00000000024ef2d0
Event: 1.668 Thread 0x000000000ad9b800 Uncommon trap -34 fr.pc 0x00000000024e888c
Event: 1.788 Thread 0x000000000ad9b800 Uncommon trap -34 fr.pc 0x00000000025217f4
Event: 1.806 Thread 0x000000000ad9b800 Uncommon trap -34 fr.pc 0x00000000024d57cc
Event: 1.806 Thread 0x000000000ad9b800 Uncommon trap -34 fr.pc 0x00000000024d57cc
Event: 1.807 Thread 0x000000000ad9b800 Uncommon trap -34 fr.pc 0x00000000024d57cc
Event: 1.808 Thread 0x000000000ad9b800 Uncommon trap -34 fr.pc 0x00000000024d57cc
Event: 2.304 Thread 0x000000000ad9b800 Uncommon trap -122 fr.pc 0x0000000002555560

Internal exceptions (10 events):
Event: 2.310 Thread 0x000000000ad9b800 Threw 0x00000000f12dcb48 at C:\jdk7u1_64p\jdk7u11\hotspot\src\share\vm\prims\jvm.cpp:1166
Event: 2.313 Thread 0x000000000ad9b800 Threw 0x00000000f12ebc50 at C:\jdk7u1_64p\jdk7u11\hotspot\src\share\vm\runtime\reflection.cpp:1039
Event: 2.375 Thread 0x000000000ad9b800 Threw 0x00000000f1319e58 at C:\jdk7u1_64p\jdk7u11\hotspot\src\share\vm\runtime\reflection.cpp:1039
Event: 2.396 Thread 0x000000000ad9b800 Threw 0x00000000f13db1d8 at C:\jdk7u1_64p\jdk7u11\hotspot\src\share\vm\runtime\reflection.cpp:1039
Event: 2.403 Thread 0x000000000ad9b800 Threw 0x00000000f1460e08 at C:\jdk7u1_64p\jdk7u11\hotspot\src\share\vm\runtime\reflection.cpp:1039
Event: 2.415 Thread 0x000000000ad9b800 Threw 0x00000000f1517ec8 at C:\jdk7u1_64p\jdk7u11\hotspot\src\share\vm\prims\jvm.cpp:1166
Event: 2.443 Thread 0x000000000ad9b800 Threw 0x00000000f1671238 at C:\jdk7u1_64p\jdk7u11\hotspot\src\share\vm\runtime\reflection.cpp:1039
Event: 2.463 Thread 0x000000000ad9b800 Threw 0x00000000f1766b50 at C:\jdk7u1_64p\jdk7u11\hotspot\src\share\vm\prims\jvm.cpp:1166
Event: 2.464 Thread 0x000000000ad9b800 Threw 0x00000000f176b5c0 at C:\jdk7u1_64p\jdk7u11\hotspot\src\share\vm\prims\jvm.cpp:1166
Event: 3.007 Thread 0x000000000ad9b800 Threw 0x00000000f17b6c30 at C:\jdk7u1_64p\jdk7u11\hotspot\src\share\vm\runtime\reflection.cpp:1039

Events (10 events):
Event: 5.277 Thread 0x000000000ae8c000 Thread added: 0x000000000ae8c000
Event: 5.277 Thread 0x000000000ae4f800 Thread added: 0x000000000ae4f800
Event: 5.278 Thread 0x000000000ae4f800 Thread exited: 0x000000000ae4f800
Event: 5.280 Thread 0x000000000ad9b800 Thread exited: 0x000000000ad9b800
Event: 5.294 Thread 0x000000000ad9b800 Thread added: 0x000000000ad9b800
Event: 5.302 loading class 0x00000000081fbf90
Event: 5.302 loading class 0x00000000081fbf90 done
Event: 5.303 loading class 0x00000000021eff20
Event: 5.303 loading class 0x00000000021eff20 done
Event: 5.303 Thread 0x000000000ae8c000 Thread exited: 0x000000000ae8c000


Dynamic libraries:
0x000000013fb70000 - 0x000000013fba3000 	C:\Program Files\Java\jre7\bin\javaw.exe
0x0000000077380000 - 0x000000007752c000 	C:\Windows\SYSTEM32\ntdll.dll
0x0000000077160000 - 0x000000007727f000 	C:\Windows\system32\kernel32.dll
0x000007fefd430000 - 0x000007fefd49c000 	C:\Windows\system32\KERNELBASE.dll
0x000007fefdc00000 - 0x000007fefdcdb000 	C:\Windows\system32\ADVAPI32.dll
0x000007fefdce0000 - 0x000007fefdd7f000 	C:\Windows\system32\msvcrt.dll
0x000007feff250000 - 0x000007feff26f000 	C:\Windows\SYSTEM32\sechost.dll
0x000007fefd8d0000 - 0x000007fefd9fe000 	C:\Windows\system32\RPCRT4.dll
0x0000000077280000 - 0x000000007737a000 	C:\Windows\system32\USER32.dll
0x000007fefd860000 - 0x000007fefd8c7000 	C:\Windows\system32\GDI32.dll
0x000007fefdf70000 - 0x000007fefdf7e000 	C:\Windows\system32\LPK.dll
0x000007fefe180000 - 0x000007fefe24a000 	C:\Windows\system32\USP10.dll
0x000007fefbad0000 - 0x000007fefbcc4000 	C:\Windows\WinSxS\amd64_microsoft.windows.common-controls_6595b64144ccf1df_6.0.7600.16385_none_fa645303170382f6\COMCTL32.dll
0x000007fefd6b0000 - 0x000007fefd721000 	C:\Windows\system32\SHLWAPI.dll
0x000007feff480000 - 0x000007feff4ae000 	C:\Windows\system32\IMM32.DLL
0x000007fefdfd0000 - 0x000007fefe0d9000 	C:\Windows\system32\MSCTF.dll
0x00000000650f0000 - 0x00000000651c1000 	C:\Program Files\Java\jre7\bin\msvcr100.dll
0x0000000064870000 - 0x0000000064f8f000 	C:\Program Files\Java\jre7\bin\server\jvm.dll
0x000007fef3500000 - 0x000007fef3509000 	C:\Windows\system32\WSOCK32.dll
0x000007fefde40000 - 0x000007fefde8d000 	C:\Windows\system32\WS2_32.dll
0x000007feff240000 - 0x000007feff248000 	C:\Windows\system32\NSI.dll
0x000007fefb0d0000 - 0x000007fefb10b000 	C:\Windows\system32\WINMM.dll
0x0000000077540000 - 0x0000000077547000 	C:\Windows\system32\PSAPI.DLL
0x0000000069750000 - 0x000000006975f000 	C:\Program Files\Java\jre7\bin\verify.dll
0x0000000069720000 - 0x0000000069748000 	C:\Program Files\Java\jre7\bin\java.dll
0x00000000696c0000 - 0x00000000696d5000 	C:\Program Files\Java\jre7\bin\zip.dll
0x000000006be80000 - 0x000000006c013000 	C:\Program Files\Java\jre7\bin\awt.dll
0x000007fefde90000 - 0x000007fefdf67000 	C:\Windows\system32\OLEAUT32.dll
0x000007feff270000 - 0x000007feff471000 	C:\Windows\system32\ole32.dll
0x000007fefb640000 - 0x000007fefb658000 	C:\Windows\system32\DWMAPI.DLL
0x000007fefba20000 - 0x000007fefba76000 	C:\Windows\system32\uxtheme.dll
0x000007fefd210000 - 0x000007fefd21f000 	C:\Windows\system32\CRYPTBASE.dll
0x000007fefe250000 - 0x000007fefefd6000 	C:\Windows\system32\SHELL32.dll
0x0000000073130000 - 0x0000000073164000 	C:\Program Files\Java\jre7\bin\fontmanager.dll
0x00000000696a0000 - 0x00000000696b9000 	C:\Program Files\Java\jre7\bin\net.dll
0x000007fefcb10000 - 0x000007fefcb64000 	C:\Windows\system32\mswsock.dll
0x000007fefcb00000 - 0x000007fefcb07000 	C:\Windows\System32\wship6.dll
0x00000000650d0000 - 0x00000000650e1000 	C:\Program Files\Java\jre7\bin\nio.dll
0x000000006c4b0000 - 0x000000006c4f1000 	C:\Program Files\Java\jre7\bin\t2k.dll
0x000007fefcb70000 - 0x000007fefcb87000 	C:\Windows\system32\CRYPTSP.dll
0x000007fefc870000 - 0x000007fefc8b7000 	C:\Windows\system32\rsaenh.dll
0x000007fefc630000 - 0x000007fefc64e000 	C:\Windows\system32\USERENV.dll
0x000007fefd2e0000 - 0x000007fefd2ef000 	C:\Windows\system32\profapi.dll
0x000007fefb110000 - 0x000007fefb125000 	C:\Windows\system32\NLAapi.dll
0x000007fefc990000 - 0x000007fefc9eb000 	C:\Windows\system32\DNSAPI.dll
0x000007fef34e0000 - 0x000007fef34eb000 	C:\Windows\System32\winrnr.dll
0x000007fef34c0000 - 0x000007fef34d5000 	C:\Windows\system32\napinsp.dll
0x000007fef34a0000 - 0x000007fef34b9000 	C:\Windows\system32\pnrpnsp.dll
0x000007fef34f0000 - 0x000007fef3500000 	C:\Windows\system32\wshbth.dll
0x000007fefc520000 - 0x000007fefc527000 	C:\Windows\System32\wshtcpip.dll
0x000007fefaf70000 - 0x000007fefaf97000 	C:\Windows\system32\IPHLPAPI.DLL
0x000007fefaf60000 - 0x000007fefaf6b000 	C:\Windows\system32\WINNSI.DLL
0x000007fef7020000 - 0x000007fef7028000 	C:\Windows\system32\rasadhlp.dll
0x000007fefa9e0000 - 0x000007fefaa33000 	C:\Windows\System32\fwpuclnt.dll
0x00000000003c0000 - 0x0000000000425000 	C:\Program Files\WIDCOMM\Bluetooth Software\btmmhook.dll
0x0000000074230000 - 0x0000000074237000 	C:\Program Files\Java\jre7\bin\jawt.dll
0x000007fefe0e0000 - 0x000007fefe179000 	C:\Windows\system32\CLBCatQ.DLL
0x000007feeef10000 - 0x000007feefae2000 	C:\Windows\System32\ieframe.dll
0x000007feeeeb0000 - 0x000007feeef04000 	C:\Windows\System32\OLEACC.dll
0x000007fefefe0000 - 0x000007feff238000 	C:\Windows\system32\iertutil.dll
0x000007fefd2c0000 - 0x000007fefd2d4000 	C:\Windows\system32\RpcRtRemote.dll
0x000007fefd220000 - 0x000007fefd2b2000 	C:\Windows\system32\SXS.DLL
0x000007fefda80000 - 0x000007fefdbf9000 	C:\Windows\system32\urlmon.dll
0x000007fefd730000 - 0x000007fefd85c000 	C:\Windows\system32\WININET.dll
0x000007fefd4a0000 - 0x000007fefd606000 	C:\Windows\system32\CRYPT32.dll
0x000007fefd380000 - 0x000007fefd38f000 	C:\Windows\system32\MSASN1.dll
0x000007fefd170000 - 0x000007fefd1c7000 	C:\Windows\system32\apphelp.dll
0x000007fefd140000 - 0x000007fefd165000 	C:\Windows\system32\SspiCli.dll
0x000007fee8330000 - 0x000007fee8c0b000 	C:\Windows\System32\mshtml.dll
0x000007fef3dd0000 - 0x000007fef3e0b000 	C:\Windows\System32\msls31.dll
0x000007fefc450000 - 0x000007fefc45c000 	C:\Windows\System32\VERSION.dll
0x000007fefc150000 - 0x000007fefc17d000 	C:\Windows\system32\ntmarta.dll
0x000007fefdf80000 - 0x000007fefdfd0000 	C:\Windows\system32\WLDAP32.dll
0x000007feee050000 - 0x000007feee05e000 	C:\Windows\system32\msimtf.dll
0x000007feeee70000 - 0x000007feeeeab000 	C:\Windows\system32\MLANG.dll
0x000007fefc0f0000 - 0x000007fefc13b000 	C:\Windows\system32\MMDevAPI.DLL
0x000007fefbfc0000 - 0x000007fefc0ec000 	C:\Windows\system32\PROPSYS.dll
0x000007fefae10000 - 0x000007fefae4b000 	C:\Windows\system32\wdmaud.drv
0x0000000074df0000 - 0x0000000074df6000 	C:\Windows\system32\ksuser.dll
0x000007fefc180000 - 0x000007fefc189000 	C:\Windows\system32\AVRT.dll
0x000007feff4b0000 - 0x000007feff687000 	C:\Windows\system32\SETUPAPI.dll
0x000007fefd610000 - 0x000007fefd646000 	C:\Windows\system32\CFGMGR32.dll
0x000007fefd690000 - 0x000007fefd6aa000 	C:\Windows\system32\DEVOBJ.dll
0x000007fef9d80000 - 0x000007fef9dcf000 	C:\Windows\system32\AUDIOSES.DLL
0x000007fef9d00000 - 0x000007fef9d0a000 	C:\Windows\system32\msacm32.drv
0x000007fef9ce0000 - 0x000007fef9cf8000 	C:\Windows\system32\MSACM32.dll
0x000007fef9cd0000 - 0x000007fef9cd9000 	C:\Windows\system32\midimap.dll
0x000007fef3580000 - 0x000007fef3598000 	C:\Windows\System32\l3codeca.acm
0x000007fef9e50000 - 0x000007fef9eb2000 	C:\Windows\system32\RASAPI32.dll
0x000007fef9e30000 - 0x000007fef9e4c000 	C:\Windows\system32\rasman.dll
0x000007fef9640000 - 0x000007fef9651000 	C:\Windows\system32\rtutils.dll
0x000007fefa9d0000 - 0x000007fefa9d9000 	C:\Windows\system32\sensapi.dll
0x000007fef9f80000 - 0x000007fef9f95000 	C:\Windows\system32\wkscli.dll
0x000007fef9fa0000 - 0x000007fef9fac000 	C:\Windows\system32\netutils.dll
0x0000000077550000 - 0x0000000077553000 	C:\Windows\system32\Normaliz.dll
0x000007feede20000 - 0x000007feede31000 	C:\Windows\system32\ImgUtil.dll
0x000007fef9b90000 - 0x000007fef9ba3000 	C:\Windows\System32\pngfilt.dll
0x000007fef70e0000 - 0x000007fef7205000 	C:\Windows\system32\dbghelp.dll

VM Arguments:
jvm_args: -Dfile.encoding=Cp1252 
java_command: MultipleFrames
Launcher Type: SUN_STANDARD

Environment Variables:
JAVA_HOME=C:\Program Files\Java\jdk1.7.0
PATH=C:\Windows\system32;C:\Windows;C:\Windows\System32\Wbem;C:\Windows\System32\WindowsPowerShell\v1.0\;C:\Program Files\WIDCOMM\Bluetooth Software\;C:\Program Files\WIDCOMM\Bluetooth Software\syswow64;;C:\Program Files\Dell\DW WLAN Card
USERNAME=Tushar
OS=Windows_NT
PROCESSOR_IDENTIFIER=Intel64 Family 6 Model 37 Stepping 2, GenuineIntel



---------------  S Y S T E M  ---------------

OS: Windows 7 , 64 bit Build 7600 

CPU:total 4 (2 cores per cpu, 2 threads per core) family 6 model 37 stepping 2, cmov, cx8, fxsr, mmx, sse, sse2, sse3, ssse3, sse4.1, sse4.2, popcnt, ht, tsc, tscinvbit

Memory: 4k page, physical 3005112k(1672336k free), swap 6008328k(3761084k free)

vm_info: Java HotSpot(TM) 64-Bit Server VM (23.6-b04) for windows-amd64 JRE (1.7.0_11-b21), built on Jan 12 2013 02:38:42 by "java_re" with unknown MS VC++:1600

time: Sat Mar 09 19:14:23 2013
elapsed time: 5 seconds

